<?xml version="1.0" encoding="UTF-8"?>
<testsuite xmlns:xsi="http://www.w3.org/2001/XMLSchema-instance" xsi:noNamespaceSchemaLocation="https://maven.apache.org/surefire/maven-surefire-plugin/xsd/surefire-test-report-3.0.xsd" version="3.0" name="SommeArgentTest" time="0.074" tests="5" errors="0" skipped="0" failures="0">
  <properties>
[...]
</properties>
  <testcase name="testAdditionMemeDevise" classname="SommeArgentTest" time="0.023"/>
  <testcase name="testAdditionCorrecteSommeArgent" classname="SommeArgentTest" time="0.0"/>
  <testcase name="testAdditionDeviseDifferente" classname="SommeArgentTest" time="0.002"/>
  <testcase name="testAdditionDH" classname="SommeArgentTest" time="0.0"/>
  <testcase name="testEgalite" classname="SommeArgentTest" time="0.0"/>
</testsuite>